Removed Member From Class: ClassName=Sheet1 Member=LOGO1
Added Component: Designator=sensor(HDR6)
Add component. Clean all parameters for all variants
Add component (AddParameter): Name = "ComponentLink1 Description"; Value = "Manufacturer"; VariantName = "[No Variations]"
Add component (AddParameter): Name = "ComponentLink1URL"; Value = "http://www.we-online.com"; VariantName = "[No Variations]"
Add component (AddParameter): Name = "ComponentLink2 Description"; Value = "Datasheet"; VariantName = "[No Variations]"
Add component (AddParameter): Name = "ComponentLink2URL"; Value = "http://katalog.we-online.de/em/datasheet/6130xx143121.pdf"; VariantName = "[No Variations]"
Add component (AddParameter): Name = "Created by"; Value = "Karrer Zheng"; VariantName = "[No Variations]"
Add component (AddParameter): Name = "Created Date"; Value = "29 March 2013"; VariantName = "[No Variations]"
Add component (AddParameter): Name = "Manufacturer"; Value = "W¨¹rth Elektronik eiSos GmbH"; VariantName = "[No Variations]"
Add component (AddParameter): Name = "NoPins"; Value = "02"; VariantName = "[No Variations]"
Add component (AddParameter): Name = "partNo"; Value = "613002143121"; VariantName = "[No Variations]"
Added Pin To Net: NetName=GND Pin=sensor-2
Added Pin To Net: NetName=+5 Pin=sensor-1
Added Net: Name=+5
Added Pin To Net: NetName=IS1 Pin=sensor-3
Added Net: Name=IS1
Added Pin To Net: NetName=IS2 Pin=sensor-4
Added Net: Name=IS2
Added Pin To Net: NetName=IS3 Pin=sensor-5
Added Net: Name=IS3
Added Pin To Net: NetName=IS4 Pin=sensor-6
Added Net: Name=IS4
Added Member To Class: ClassName=Sheet1 Member=Component sensor Header6
