Change Component Designator: OldDesignator=H_brige NewDesignator=U2
Change Component Designator: OldDesignator=sensor NewDesignator=P3
Change Component Designator: OldDesignator=Stm32 NewDesignator=U1
Change Component Designator: OldDesignator=uart NewDesignator=P4
Added Component: Designator=P4(JP8)
Add component. Clean all parameters for all variants
Add component (AddParameter): Name = "LatestRevisionDate"; Value = "17-Jul-2002"; VariantName = "[No Variations]"
Add component (AddParameter): Name = "LatestRevisionNote"; Value = "Re-released for DXP Platform."; VariantName = "[No Variations]"
Add component (AddParameter): Name = "Publisher"; Value = "Altium Limited"; VariantName = "[No Variations]"
Added Pin To Net: NetName=GND Pin=P4-2
Added Pin To Net: NetName=+3v3 Pin=P4-1
Added Pin To Net: NetName=+3v3 Pin=U1-18
Added Net: Name=+3v3
Added Pin To Net: NetName=SCL Pin=P4-3
Added Pin To Net: NetName=SCL Pin=U1-36
Added Net: Name=SCL
Added Pin To Net: NetName=SDA Pin=P4-4
Added Pin To Net: NetName=SDA Pin=U1-37
Added Net: Name=SDA
Added Member To Class: ClassName=Sheet1 Member=Component J? 691201520002
Added Member To Class: ClassName=Sheet1 Member=Component P4 Header 8
