Added Component: Designator=C?(CAP-SM-0805)
Add component. Clean all parameters for all variants
Add component (AddParameter): Name = "Value"; Value = "100pF"; VariantName = "[No Variations]"
Added Component: Designator=D?(LED-3mm)
Add component. Clean all parameters for all variants
Added Component: Designator=LOGO1(PIF LOGO BIG SSTOP)
Add component. Clean all parameters for all variants
Added Component: Designator=P1(JP4H)
Add component. Clean all parameters for all variants
Add component (AddParameter): Name = "LatestRevisionDate"; Value = "17-Jul-2002"; VariantName = "[No Variations]"
Add component (AddParameter): Name = "LatestRevisionNote"; Value = "Re-released for DXP Platform."; VariantName = "[No Variations]"
Add component (AddParameter): Name = "Publisher"; Value = "Altium Limited"; VariantName = "[No Variations]"
Added Component: Designator=P2(JP8)
Add component. Clean all parameters for all variants
Add component (AddParameter): Name = "LatestRevisionDate"; Value = "17-Jul-2002"; VariantName = "[No Variations]"
Add component (AddParameter): Name = "LatestRevisionNote"; Value = "Re-released for DXP Platform."; VariantName = "[No Variations]"
Add component (AddParameter): Name = "Publisher"; Value = "Altium Limited"; VariantName = "[No Variations]"
Added Component: Designator=P?(DOMINO 2- 5mm)
Add component. Clean all parameters for all variants
Add component (AddParameter): Name = "LatestRevisionDate"; Value = "17-Jul-2002"; VariantName = "[No Variations]"
Add component (AddParameter): Name = "LatestRevisionNote"; Value = "Re-released for DXP Platform."; VariantName = "[No Variations]"
Add component (AddParameter): Name = "Publisher"; Value = "Altium Limited"; VariantName = "[No Variations]"
Added Component: Designator=R?(RES-SM-0603)
Add component. Clean all parameters for all variants
Add component (AddParameter): Name = "Value"; Value = "1K"; VariantName = "[No Variations]"
Added Component: Designator=U1(STM32F103 Bluepill)
Add component. Clean all parameters for all variants
Added Component: Designator=U?(DIP20/W0.3)
Add component. Clean all parameters for all variants
Added Pin To Net: NetName=+5 Pin=C?-2
Added Pin To Net: NetName=+5 Pin=D?-1
Added Pin To Net: NetName=+5 Pin=P?-1
Added Pin To Net: NetName=+5 Pin=U1-38
Added Pin To Net: NetName=+5 Pin=U?-20
Added Net: Name=+5
Added Pin To Net: NetName=5v Pin=P1-1
Added Pin To Net: NetName=5v Pin=U?-1
Added Net: Name=5v
Added Pin To Net: NetName=GND Pin=C?-1
Added Pin To Net: NetName=GND Pin=P1-2
Added Pin To Net: NetName=GND Pin=P?-2
Added Pin To Net: NetName=GND Pin=R?-2
Added Pin To Net: NetName=GND Pin=U1-39
Added Pin To Net: NetName=GND Pin=U?-10
Added Pin To Net: NetName=GND Pin=U?-19
Added Net: Name=GND
Added Pin To Net: NetName=IN1 Pin=U1-16
Added Pin To Net: NetName=IN1 Pin=U?-3
Added Net: Name=IN1
Added Pin To Net: NetName=IN2 Pin=U1-15
Added Pin To Net: NetName=IN2 Pin=U?-4
Added Net: Name=IN2
Added Pin To Net: NetName=IN3 Pin=U1-14
Added Pin To Net: NetName=IN3 Pin=U?-5
Added Net: Name=IN3
Added Pin To Net: NetName=IN4 Pin=U1-13
Added Pin To Net: NetName=IN4 Pin=U?-6
Added Net: Name=IN4
Added Pin To Net: NetName=IS1 Pin=U1-12
Added Net: Name=IS1
Added Pin To Net: NetName=IS2 Pin=U1-11
Added Net: Name=IS2
Added Pin To Net: NetName=IS3 Pin=U1-10
Added Net: Name=IS3
Added Pin To Net: NetName=IS4 Pin=U1-9
Added Net: Name=IS4
Added Pin To Net: NetName=NetD?_2 Pin=D?-2
Added Pin To Net: NetName=NetD?_2 Pin=R?-1
Added Net: Name=NetD?_2
Added Pin To Net: NetName=NetP2_1 Pin=P2-1
Added Pin To Net: NetName=NetP2_1 Pin=U?-18
Added Net: Name=NetP2_1
Added Pin To Net: NetName=NetP2_2 Pin=P2-2
Added Pin To Net: NetName=NetP2_2 Pin=U?-17
Added Net: Name=NetP2_2
Added Pin To Net: NetName=NetP2_3 Pin=P2-3
Added Pin To Net: NetName=NetP2_3 Pin=U?-16
Added Net: Name=NetP2_3
Added Pin To Net: NetName=NetP2_4 Pin=P2-4
Added Pin To Net: NetName=NetP2_4 Pin=U?-15
Added Net: Name=NetP2_4
Added Pin To Net: NetName=NetP2_5 Pin=P2-5
Added Pin To Net: NetName=NetP2_5 Pin=U?-14
Added Net: Name=NetP2_5
Added Pin To Net: NetName=NetP2_6 Pin=P2-6
Added Pin To Net: NetName=NetP2_6 Pin=U?-13
Added Net: Name=NetP2_6
Added Pin To Net: NetName=NetP2_7 Pin=P2-7
Added Pin To Net: NetName=NetP2_7 Pin=U?-12
Added Net: Name=NetP2_7
Added Pin To Net: NetName=NetP2_8 Pin=P2-8
Added Pin To Net: NetName=NetP2_8 Pin=U?-11
Added Net: Name=NetP2_8
Added Pin To Net: NetName=PWM1 Pin=U1-8
Added Pin To Net: NetName=PWM1 Pin=U?-7
Added Net: Name=PWM1
Added Pin To Net: NetName=PWM2 Pin=U1-7
Added Pin To Net: NetName=PWM2 Pin=U?-2
Added Net: Name=PWM2
Added Pin To Net: NetName=RX1 Pin=P1-4
Added Pin To Net: NetName=RX1 Pin=U1-27
Added Net: Name=RX1
Added Pin To Net: NetName=TX1 Pin=P1-3
Added Pin To Net: NetName=TX1 Pin=U1-26
Added Net: Name=TX1
Added Class: Name=Sheet1
Added Room: Name=Sheet1
