Added Component: Designator=J?(691201520002)
Add component. Clean all parameters for all variants
Add component (AddParameter): Name = "ComponentLink1Description"; Value = "Manufacturer"; VariantName = "[No Variations]"
Add component (AddParameter): Name = "ComponentLink1URL"; Value = "http://www.we-online.de"; VariantName = "[No Variations]"
Add component (AddParameter): Name = "ComponentLink2Description"; Value = "Datasheet"; VariantName = "[No Variations]"
Add component (AddParameter): Name = "ComponentLink2URL"; Value = "http://katalog.we-online.de/em/datasheet/6912015200xx.pdf"; VariantName = "[No Variations]"
Add component (AddParameter): Name = "Mounting Technology"; Value = "THT"; VariantName = "[No Variations]"
Add component (AddParameter): Name = "Operating Temperature"; Value = "-30 to 120 degC"; VariantName = "[No Variations]"
Add component (AddParameter): Name = "Packaging"; Value = "Box"; VariantName = "[No Variations]"
Add component (AddParameter): Name = "Part Number"; Value = "691201520002"; VariantName = "[No Variations]"
Add component (AddParameter): Name = "Pin Number"; Value = "2"; VariantName = "[No Variations]"
Add component (AddParameter): Name = "Pitch"; Value = "5.08 mm"; VariantName = "[No Variations]"
Add component (AddParameter): Name = "Published Date"; Value = "June 2018"; VariantName = "[No Variations]"
Add component (AddParameter): Name = "Publisher"; Value = "Wurth Elektronik"; VariantName = "[No Variations]"
Added Component: Designator=U1(STM32F103 Bluepill)
Add component. Clean all parameters for all variants
Added Component: Designator=U2(DIP20/W0.3)
Add component. Clean all parameters for all variants
Added Component: Designator=V_in(DOMINO 2- 5mm)
Add component. Clean all parameters for all variants
Add component (AddParameter): Name = "LatestRevisionDate"; Value = "17-Jul-2002"; VariantName = "[No Variations]"
Add component (AddParameter): Name = "LatestRevisionNote"; Value = "Re-released for DXP Platform."; VariantName = "[No Variations]"
Add component (AddParameter): Name = "Publisher"; Value = "Altium Limited"; VariantName = "[No Variations]"
Added Pin To Net: NetName=GPIO1 Pin=U1-3
Added Pin To Net: NetName=GPIO2 Pin=U1-4
Added Pin To Net: NetName=ADC0 Pin=U1-5
Added Pin To Net: NetName=ADC1 Pin=U1-6
Added Pin To Net: NetName=ADC2 Pin=U1-7
Added Pin To Net: NetName=ADC3 Pin=U1-8
Added Pin To Net: NetName=ADC4 Pin=U1-9
Added Pin To Net: NetName=ADC5 Pin=U1-10
Added Pin To Net: NetName=ADC6 Pin=U1-11
Added Pin To Net: NetName=ADC7 Pin=U1-12
Added Pin To Net: NetName=GPIO5 Pin=U1-21
Added Pin To Net: NetName=SPI2_SCK Pin=U1-22
Added Pin To Net: NetName=SPI2_MISO Pin=U1-23
Added Pin To Net: NetName=SPI2_MOSI Pin=U1-24
Added Pin To Net: NetName=TX1 Pin=U1-26
Added Pin To Net: NetName=RX1 Pin=U1-27
Added Pin To Net: NetName=GPIO4 Pin=U1-28
Added Pin To Net: NetName=GPIO3 Pin=U1-29
Added Pin To Net: NetName=IS1 Pin=U1-30
Added Pin To Net: NetName=IS2 Pin=U1-31
Added Pin To Net: NetName=IS3 Pin=U1-32
Added Pin To Net: NetName=IS4 Pin=U1-33
Added Pin To Net: NetName=SCL Pin=U1-34
Added Pin To Net: NetName=SDA Pin=U1-35
Added Pin To Net: NetName=+5v Pin=U1-38
Added Pin To Net: NetName=GND Pin=U1-39
Added Pin To Net: NetName=+3v3 Pin=U1-40
Added Pin To Net: NetName=+5v Pin=U2-1
Added Pin To Net: NetName=GND Pin=U2-10
Added Pin To Net: NetName=GND Pin=U2-19
Added Pin To Net: NetName=+5v Pin=U2-20
Added Pin To Net: NetName=GND Pin=V_in-1
Added Pin To Net: NetName=+5v Pin=V_in-2
Added Pin To Net: NetName=GPOI Pin=U1-25
Added Net: Name=GPOI
Added Pin To Net: NetName=IN1 Pin=U1-16
Added Pin To Net: NetName=IN1 Pin=U2-3
Added Net: Name=IN1
Added Pin To Net: NetName=IN2 Pin=U1-15
Added Pin To Net: NetName=IN2 Pin=U2-4
Added Net: Name=IN2
Added Pin To Net: NetName=IN3 Pin=U1-14
Added Pin To Net: NetName=IN3 Pin=U2-5
Added Net: Name=IN3
Added Pin To Net: NetName=IN4 Pin=U1-13
Added Pin To Net: NetName=IN4 Pin=U2-6
Added Net: Name=IN4
Added Pin To Net: NetName=NetP2_1 Pin=P2-1
Added Pin To Net: NetName=NetP2_1 Pin=U2-18
Added Net: Name=NetP2_1
Added Pin To Net: NetName=NetP2_2 Pin=P2-2
Added Pin To Net: NetName=NetP2_2 Pin=U2-17
Added Net: Name=NetP2_2
Added Pin To Net: NetName=NetP2_3 Pin=P2-3
Added Pin To Net: NetName=NetP2_3 Pin=U2-16
Added Net: Name=NetP2_3
Added Pin To Net: NetName=NetP2_4 Pin=P2-4
Added Pin To Net: NetName=NetP2_4 Pin=U2-15
Added Net: Name=NetP2_4
Added Pin To Net: NetName=NetP2_5 Pin=P2-5
Added Pin To Net: NetName=NetP2_5 Pin=U2-14
Added Net: Name=NetP2_5
Added Pin To Net: NetName=NetP2_6 Pin=P2-6
Added Pin To Net: NetName=NetP2_6 Pin=U2-13
Added Net: Name=NetP2_6
Added Pin To Net: NetName=NetP2_7 Pin=P2-7
Added Pin To Net: NetName=NetP2_7 Pin=U2-12
Added Net: Name=NetP2_7
Added Pin To Net: NetName=NetP2_8 Pin=P2-8
Added Pin To Net: NetName=NetP2_8 Pin=U2-11
Added Net: Name=NetP2_8
Added Pin To Net: NetName=PWM1 Pin=U1-37
Added Pin To Net: NetName=PWM1 Pin=U2-7
Added Net: Name=PWM1
Added Pin To Net: NetName=PWM2 Pin=U1-36
Added Pin To Net: NetName=PWM2 Pin=U2-2
Added Net: Name=PWM2
Added Member To Class: ClassName=dolinesch Member=Component J? 691201520002
Added Member To Class: ClassName=dolinesch Member=Component U1 STM32F103 BLUEPILL
Added Member To Class: ClassName=dolinesch Member=Component U2 74HC245
Added Member To Class: ClassName=dolinesch Member=Component V_in Domino 2
